11-14-2021 01:49:11 [INFO]: Program Started...
11-14-2021 01:49:11 [INFO]: Displaying Excel files within 'project/'
11-14-2021 01:49:11 [INFO]: ['expedia_report_monthly_january_2018.xlsx', 'expedia_report_monthly_march_2018.xlsx']
11-14-2021 01:49:11 [INFO]: Querying for file name...
11-14-2021 01:49:12 [INFO]: Checking if expedia_report_monthly_march_2018.xlsx exists...
11-14-2021 01:49:12 [INFO]: expedia_report_monthly_march_2018.xlsx found. Opening file...
11-14-2021 01:49:12 [INFO]: Finding row number for summary data...
11-14-2021 01:49:12 [INFO]: Row found. Row #13
11-14-2021 01:49:12 [INFO]: Loading Rolling MoM data for March...
11-14-2021 01:49:12 [INFO]: Summary: [('Calls Offered', '22,343'), ('Abandon after 30s', '3.05%'), ('FCR', '86.00%'), ('DSAT', '18.00%'), ('CSAT', '74.40%')]
11-14-2021 01:49:12 [INFO]: Finding column letter for VOC data...
11-14-2021 01:49:12 [INFO]: Column found. Column #2(B)
11-14-2021 01:49:12 [INFO]: VOC: [('Base Size', '508'), ('Promoters', 'Good'), ('Passives', 'Bad'), ('Dectractors', 'Bad'), ('Overall NPS %', '0.00%'), ('Sat with Agent %', '0.00%'), ('DSat with Agent %', '0.00%')]
11-14-2021 01:49:12 [INFO]: Finished gathering data for March...
11-14-2021 01:49:12 [INFO]: Program Stopping...
11-14-2021 01:49:12 [INFO]: 
11-15-2021 15:14:03 [INFO]: Program Started...
11-15-2021 15:14:03 [INFO]: Displaying Excel files within 'project/'
11-15-2021 15:14:03 [INFO]: ['expedia_report_monthly_january_2018.xlsx', 'expedia_report_monthly_march_2018.xlsx']
11-15-2021 15:14:03 [INFO]: Querying for file name...
11-15-2021 15:14:54 [INFO]: Checking if expedia_report_monthly_january_2018.xlsx exists...
11-15-2021 15:14:54 [INFO]: expedia_report_monthly_january_2018.xlsx found. Opening file...
11-15-2021 15:14:55 [INFO]: Finding row number for summary data...
11-15-2021 15:14:55 [INFO]: Row found. Row #12
11-15-2021 15:14:55 [INFO]: Loading Rolling MoM data for January...
11-15-2021 15:14:55 [INFO]: Summary: [('Calls Offered', '16,915'), ('Abandon after 30s', '2.32%'), ('FCR', '86.50%'), ('DSAT', '14.20%'), ('CSAT', '78.30%')]
11-15-2021 15:14:55 [INFO]: Finding column letter for VOC data...
11-15-2021 15:14:55 [INFO]: Column found. Column #3(C)
11-15-2021 15:14:55 [INFO]: VOC: [('Base Size', '425'), ('Promoters', 'Good'), ('Passives', 'Bad'), ('Dectractors', 'Bad'), ('Overall NPS %', '0.00%'), ('Sat with Agent %', '0.00%'), ('DSat with Agent %', '0.00%')]
11-15-2021 15:14:55 [INFO]: Finished gathering data for January...
11-15-2021 15:14:55 [INFO]: Program Stopping...
11-15-2021 15:14:55 [INFO]: 
11-15-2021 15:17:55 [INFO]: Program Started...
11-15-2021 15:17:55 [INFO]: Displaying Excel files within 'project/'
11-15-2021 15:17:55 [INFO]: ['expedia_report_monthly_january_2018.xlsx', 'expedia_report_monthly_march_2018.xlsx']
11-15-2021 15:17:55 [INFO]: Querying for file name...
11-15-2021 15:18:24 [INFO]: Checking if expedia_report_monthly_january_2018.xlsx exists...
11-15-2021 15:18:24 [INFO]: expedia_report_monthly_january_2018.xlsx found. Opening file...
11-15-2021 15:18:24 [INFO]: Finding row number for summary data...
11-15-2021 15:18:24 [INFO]: Row found. Row #12
11-15-2021 15:18:24 [INFO]: Loading Rolling MoM data for January...
11-15-2021 15:18:24 [INFO]: Summary: [('Calls Offered', '16,915'), ('Abandon after 30s', '2.32%'), ('FCR', '86.50%'), ('DSAT', '14.20%'), ('CSAT', '78.30%')]
11-15-2021 15:18:24 [INFO]: Finding column letter for VOC data...
11-15-2021 15:18:24 [INFO]: Column found. Column #3(C)
11-15-2021 15:18:24 [INFO]: VOC: [('Base Size', '425'), ('Promoters', 'Good'), ('Passives', 'Bad'), ('Dectractors', 'Bad'), ('Overall NPS %', '39.70%'), ('Sat with Agent %', '0.00%'), ('DSat with Agent %', '0.00%')]
11-15-2021 15:18:24 [INFO]: Finished gathering data for January...
11-15-2021 15:18:24 [INFO]: Program Stopping...
11-15-2021 15:18:24 [INFO]: 
11-15-2021 15:18:45 [INFO]: Program Started...
11-15-2021 15:18:45 [INFO]: Displaying Excel files within 'project/'
11-15-2021 15:18:45 [INFO]: ['expedia_report_monthly_january_2018.xlsx', 'expedia_report_monthly_march_2018.xlsx']
11-15-2021 15:18:45 [INFO]: Querying for file name...
11-15-2021 15:18:52 [INFO]: Checking if expedia_report_monthly_march_2018.xlsx exists...
11-15-2021 15:18:52 [INFO]: expedia_report_monthly_march_2018.xlsx found. Opening file...
11-15-2021 15:18:53 [INFO]: Finding row number for summary data...
11-15-2021 15:18:53 [INFO]: Row found. Row #13
11-15-2021 15:18:53 [INFO]: Loading Rolling MoM data for March...
11-15-2021 15:18:53 [INFO]: Summary: [('Calls Offered', '22,343'), ('Abandon after 30s', '3.05%'), ('FCR', '86.00%'), ('DSAT', '18.00%'), ('CSAT', '74.40%')]
11-15-2021 15:18:53 [INFO]: Finding column letter for VOC data...
11-15-2021 15:18:53 [INFO]: Column found. Column #2(B)
11-15-2021 15:18:53 [INFO]: VOC: [('Base Size', '508'), ('Promoters', 'Good'), ('Passives', 'Bad'), ('Dectractors', 'Bad'), ('Overall NPS %', '28.74%'), ('Sat with Agent %', '74.40%'), ('DSat with Agent %', '18.00%')]
11-15-2021 15:18:53 [INFO]: Finished gathering data for March...
11-15-2021 15:18:53 [INFO]: Program Stopping...
11-15-2021 15:18:53 [INFO]: 
11-15-2021 15:56:49 [INFO]: Program Started...
11-15-2021 15:56:49 [INFO]: Displaying Excel files within 'project/'
11-15-2021 15:56:49 [INFO]: ['expedia_report_monthly_january_2018.xlsx', 'expedia_report_monthly_march_2018.xlsx']
11-15-2021 15:56:49 [INFO]: Querying for file name...
11-15-2021 15:56:55 [INFO]: Checking if expedia_report_monthly_january_2018.xlsx exists...
11-15-2021 15:56:55 [INFO]: expedia_report_monthly_january_2018.xlsx found. Opening file...
11-15-2021 15:56:55 [INFO]: Finding row number for summary data...
11-15-2021 15:56:55 [INFO]: Row found. Row #12
11-15-2021 15:56:55 [INFO]: Loading Rolling MoM data for January...
11-15-2021 15:56:55 [INFO]: Summary: [('Calls Offered', '16,915'), ('Abandon after 30s', '2.32%'), ('FCR', '86.50%'), ('DSAT', '14.20%'), ('CSAT', '78.30%')]
11-15-2021 15:56:55 [INFO]: Finding column letter for VOC data...
11-15-2021 15:56:55 [INFO]: Column found. Column #3(C)
11-15-2021 15:56:55 [INFO]: VOC: [('Base Size', '425'), ('Promoters', 'Good'), ('Passives', 'Bad'), ('Dectractors', 'Bad'), ('Overall NPS %', '39.70%'), ('Sat with Agent %', '78.30%'), ('DSat with Agent %', '14.20%')]
11-15-2021 15:56:55 [INFO]: Finished gathering data for January...
11-15-2021 15:56:55 [INFO]: Program Stopping...
11-15-2021 15:56:55 [INFO]: #####################################
11-15-2021 16:04:46 [INFO]: Program Started...
11-15-2021 16:04:46 [INFO]: Displaying Excel files within 'project/'
11-15-2021 16:04:46 [INFO]: ['expedia_report_monthly_january_2018.xlsx', 'expedia_report_monthly_march_2018.xlsx']
11-15-2021 16:04:46 [INFO]: Querying for file name...
11-15-2021 16:04:51 [INFO]: Checking if expedia_report_monthly_march_2018.xlsx exists...
11-15-2021 16:04:51 [INFO]: expedia_report_monthly_march_2018.xlsx found. Opening file...
11-15-2021 16:04:51 [INFO]: Finding row number for summary data...
11-15-2021 16:04:51 [INFO]: Row found. Row #13
11-15-2021 16:04:51 [INFO]: Loading Rolling MoM data for March...
11-15-2021 16:04:51 [INFO]: Summary: [('Calls Offered', '22,343'), ('Abandon after 30s', '3.05%'), ('FCR', '86.00%'), ('DSAT', '18.00%'), ('CSAT', '74.40%')]
11-15-2021 16:04:51 [INFO]: Finding column letter for VOC data...
11-15-2021 16:04:51 [INFO]: Column found. Column #2(B)
11-15-2021 16:04:51 [INFO]: VOC: [('Base Size', '508'), ('Promoters', 'Good'), ('Passives', 'Bad'), ('Dectractors', 'Bad'), ('Overall NPS %', '28.74%'), ('Sat with Agent %', '74.40%'), ('DSat with Agent %', '18.00%')]
11-15-2021 16:04:51 [INFO]: Finished gathering data for March...
11-15-2021 16:04:51 [INFO]: Program Stopping...
11-15-2021 16:04:51 [INFO]: ###########################################################################################################
